{
  "RSpec": {
    "coverage": {
      "/Users/kristennestler/turing/1mod/week6_prep/enigma/lib/enigma.rb": {
        "lines": [
          1,
          null,
          1,
          null,
          1,
          null,
          1,
          4,
          null,
          4,
          4,
          null,
          null,
          null,
          1,
          null,
          null,
          null,
          null,
          null,
          1,
          30,
          null,
          null,
          null,
          null,
          null,
          null,
          1,
          2,
          null,
          null,
          1,
          2,
          null,
          null,
          null,
          null,
          null,
          null,
          null,
          1,
          2,
          2,
          null,
          null,
          null,
          null
        ]
      }
    },
    "timestamp": 1660071144
  }
}
